{
  "stats": {
    "suites": 1,
    "tests": 5,
    "passes": 4,
    "pending": 0,
    "failures": 1,
    "start": "2022-04-21T17:35:14.445Z",
    "end": "2022-04-21T17:36:33.275Z",
    "duration": 74685,
    "testsRegistered": 5,
    "passPercent": 80,
    "pendingPercent": 0,
    "other": 0,
    "hasOther": false,
    "skipped": 0,
    "hasSkipped": false
  },
  "results": [
    {
      "uuid": "8d6c443a-289b-4a23-88c2-8dc44fb3709e",
      "title": "",
      "fullFile": "cypress/integration/PoC/PoC.js",
      "file": "cypress/integration/PoC/PoC.js",
      "beforeHooks": [],
      "afterHooks": [],
      "tests": [],
      "suites": [
        {
          "uuid": "bf1f52dc-68d5-41b9-a269-5467508c649e",
          "title": "PoC",
          "fullFile": "",
          "file": "",
          "beforeHooks": [],
          "afterHooks": [],
          "tests": [
            {
              "title": "Acesso Fundamentos",
              "fullTitle": "PoC Acesso Fundamentos",
              "timedOut": null,
              "duration": 6183,
              "state": "passed",
              "speed": "medium",
              "pass": true,
              "fail": false,
              "pending": false,
              "context": null,
              "code": "cy.visit('https://fundamentus.com.br');",
              "err": {},
              "uuid": "ec70daf3-1335-4bc3-9764-158a6e43ecc6",
              "parentUUID": "bf1f52dc-68d5-41b9-a269-5467508c649e",
              "isHook": false,
              "skipped": false
            },
            {
              "title": "Consulta Ativo",
              "fullTitle": "PoC Consulta Ativo",
              "timedOut": null,
              "duration": 3789,
              "state": "passed",
              "speed": "fast",
              "pass": true,
              "fail": false,
              "pending": false,
              "context": null,
              "code": "cy.get('#completar').click();\ncy.get('#completar').type('{backspace}');\ncy.get('#completar').type('{backspace}');\ncy.get('#completar').type('PETR4');\ncy.get('.autocompleter-selected').click();\ncy.get('.botao').click();",
              "err": {},
              "uuid": "acb528b6-31ae-463d-8488-985f3bb9987e",
              "parentUUID": "bf1f52dc-68d5-41b9-a269-5467508c649e",
              "isHook": false,
              "skipped": false
            },
            {
              "title": "Consulta Proventos",
              "fullTitle": "PoC Consulta Proventos",
              "timedOut": null,
              "duration": 3122,
              "state": "passed",
              "speed": "fast",
              "pass": true,
              "fail": false,
              "pending": false,
              "context": null,
              "code": "cy.visit('https://fundamentus.com.br/proventos.php?papel=PETR4&tipo=2');",
              "err": {},
              "uuid": "6f4072c3-d402-4309-8684-297187e34c6d",
              "parentUUID": "bf1f52dc-68d5-41b9-a269-5467508c649e",
              "isHook": false,
              "skipped": false
            },
            {
              "title": "Gerar CSV",
              "fullTitle": "PoC Gerar CSV",
              "timedOut": null,
              "duration": 60408,
              "state": "failed",
              "speed": null,
              "pass": false,
              "fail": true,
              "pending": false,
              "context": "[\n  {\n    \"title\": \"cypress-mochawesome-reporter-screenshots\",\n    \"value\": [\n      [\n        {\n          \"title\": \"Failed screenshot\",\n          \"value\": \"\\\\PoC\\\\PoC.js\\\\PoC -- Gerar CSV (failed).png\"\n        }\n      ]\n    ]\n  },\n  \"assets/PoC/PoC.js/PoC --       Gerar CSV (failed).png\"\n]",
              "code": "cy.visit('https://www.uol.com.br');\ncy.screenshot(\"teste\");",
              "err": {
                "message": "CypressError: Timed out after waiting `60000ms` for your remote page to load.\n\nYour page did not fire its `load` event within `60000ms`.\n\nYou can try increasing the `pageLoadTimeout` value in `cypress.json` to wait longer.\n\nBrowsers will not fire the `load` event until all stylesheets and scripts are done downloading.\n\nWhen this `load` event occurs, Cypress will continue running commands.",
                "estack": "CypressError: Timed out after waiting `60000ms` for your remote page to load.\n\nYour page did not fire its `load` event within `60000ms`.\n\nYou can try increasing the `pageLoadTimeout` value in `cypress.json` to wait longer.\n\nBrowsers will not fire the `load` event until all stylesheets and scripts are done downloading.\n\nWhen this `load` event occurs, Cypress will continue running commands.\n    at timedOutWaitingForPageLoad (https://www.uol.com.br/__cypress/runner/cypress_runner.js:158308:72)\n    at https://www.uol.com.br/__cypress/runner/cypress_runner.js:159361:16\n    at tryCatcher (https://www.uol.com.br/__cypress/runner/cypress_runner.js:13022:23)\n    at https://www.uol.com.br/__cypress/runner/cypress_runner.js:8144:41\n    at tryCatcher (https://www.uol.com.br/__cypress/runner/cypress_runner.js:13022:23)\n    at Promise._settlePromiseFromHandler (https://www.uol.com.br/__cypress/runner/cypress_runner.js:10957:31)\n    at Promise._settlePromise (https://www.uol.com.br/__cypress/runner/cypress_runner.js:11014:18)\n    at Promise._settlePromise0 (https://www.uol.com.br/__cypress/runner/cypress_runner.js:11059:10)\n    at Promise._settlePromises (https://www.uol.com.br/__cypress/runner/cypress_runner.js:11135:18)\n    at _drainQueueStep (https://www.uol.com.br/__cypress/runner/cypress_runner.js:7729:12)\n    at _drainQueue (https://www.uol.com.br/__cypress/runner/cypress_runner.js:7722:9)\n    at Async.../../node_modules/bluebird/js/release/async.js.Async._drainQueues (https://www.uol.com.br/__cypress/runner/cypress_runner.js:7738:5)\n    at Async.drainQueues (https://www.uol.com.br/__cypress/runner/cypress_runner.js:7608:14)\nFrom Your Spec Code:\n    at Context.eval (https://www.uol.com.br/__cypress/tests?p=cypress\\integration\\PoC\\PoC.js:115:8)",
                "diff": null
              },
              "uuid": "96d753e4-b240-4c88-b48c-7fb98cd3bdaa",
              "parentUUID": "bf1f52dc-68d5-41b9-a269-5467508c649e",
              "isHook": false,
              "skipped": false
            },
            {
              "title": "Chama Python",
              "fullTitle": "PoC Chama Python",
              "timedOut": null,
              "duration": 1183,
              "state": "passed",
              "speed": "fast",
              "pass": true,
              "fail": false,
              "pending": false,
              "context": null,
              "code": "cy.exec(\"python teste.py\").log();",
              "err": {},
              "uuid": "e554755c-7072-43b3-bfda-77fa12af8772",
              "parentUUID": "bf1f52dc-68d5-41b9-a269-5467508c649e",
              "isHook": false,
              "skipped": false
            }
          ],
          "suites": [],
          "passes": [
            "ec70daf3-1335-4bc3-9764-158a6e43ecc6",
            "acb528b6-31ae-463d-8488-985f3bb9987e",
            "6f4072c3-d402-4309-8684-297187e34c6d",
            "e554755c-7072-43b3-bfda-77fa12af8772"
          ],
          "failures": [
            "96d753e4-b240-4c88-b48c-7fb98cd3bdaa"
          ],
          "pending": [],
          "skipped": [],
          "duration": 74685,
          "root": false,
          "rootEmpty": false,
          "_timeout": 2000
        }
      ],
      "passes": [],
      "failures": [],
      "pending": [],
      "skipped": [],
      "duration": 0,
      "root": true,
      "rootEmpty": true,
      "_timeout": 2000
    }
  ],
  "meta": {
    "mocha": {
      "version": "7.0.1"
    },
    "mochawesome": {
      "options": {
        "quiet": false,
        "reportFilename": "report",
        "saveHtml": true,
        "saveJson": true,
        "consoleReporter": "spec",
        "useInlineDiffs": false,
        "code": true
      },
      "version": "7.1.3"
    },
    "marge": {
      "options": {
        "id": "default",
        "reportDir": "cypress/reports/mocha",
        "reportFilename": "report",
        "charts": true,
        "reportPageTitle": "Desafio Cypress",
        "quite": true,
        "overwrite": true,
        "html": true,
        "json": true,
        "saveAllAttempts": true,
        "screenshotOnRunFailure": false,
        "screenshotsFolder": "cypress/reports/mochareports/assets",
        "defaultCommandTimeout": 60000
      },
      "version": "6.2.0"
    }
  }
}